<?xml version="1.0" encoding="UTF-8"?>
<coverage generated="1625351480259" clover="3.2.0">
  <project timestamp="1625351480259" name="All files">
    <metrics statements="23" coveredstatements="23" conditionals="6" coveredconditionals="6" methods="1" coveredmethods="1" elements="30" coveredelements="30" complexity="0" loc="23" ncloc="23" packages="1" files="1" classes="1"/>
    <file name="isBalanced.js" path="/Users/justinablair/JSTrain/isBalanced.js">
      <metrics statements="23" coveredstatements="23" conditionals="6" coveredconditionals="6" methods="1" coveredmethods="1"/>
      <line num="7" count="1" type="stmt"/>
      <line num="9" count="16" type="stmt"/>
      <line num="11" count="16" type="stmt"/>
      <line num="13" count="16" type="stmt"/>
      <line num="16" count="95" type="stmt"/>
      <line num="18" count="95" type="cond" truecount="2" falsecount="0"/>
      <line num="19" count="19" type="stmt"/>
      <line num="22" count="76" type="cond" truecount="2" falsecount="0"/>
      <line num="27" count="42" type="stmt"/>
      <line num="29" count="34" type="cond" truecount="2" falsecount="0"/>
      <line num="30" count="6" type="stmt"/>
      <line num="34" count="10" type="stmt"/>
      <line num="36" count="1" type="stmt"/>
      <line num="37" count="1" type="stmt"/>
      <line num="38" count="1" type="stmt"/>
      <line num="39" count="1" type="stmt"/>
      <line num="40" count="1" type="stmt"/>
      <line num="41" count="1" type="stmt"/>
      <line num="44" count="1" type="stmt"/>
      <line num="45" count="1" type="stmt"/>
      <line num="46" count="1" type="stmt"/>
      <line num="47" count="1" type="stmt"/>
      <line num="49" count="1" type="stmt"/>
    </file>
  </project>
</coverage>
