{"/Users/justinablair/JSTrain/isBalanced.js": {"path":"/Users/justinablair/JSTrain/isBalanced.js","statementMap":{"0":{"start":{"line":7,"column":17},"end":{"line":35,"column":3}},"1":{"start":{"line":9,"column":19},"end":{"line":9,"column":29}},"2":{"start":{"line":11,"column":16},"end":{"line":11,"column":18}},"3":{"start":{"line":13,"column":4},"end":{"line":33,"column":5}},"4":{"start":{"line":16,"column":26},"end":{"line":16,"column":51}},"5":{"start":{"line":18,"column":6},"end":{"line":20,"column":7}},"6":{"start":{"line":19,"column":8},"end":{"line":19,"column":16}},"7":{"start":{"line":22,"column":6},"end":{"line":32,"column":7}},"8":{"start":{"line":27,"column":8},"end":{"line":27,"column":37}},"9":{"start":{"line":29,"column":8},"end":{"line":31,"column":9}},"10":{"start":{"line":30,"column":10},"end":{"line":30,"column":23}},"11":{"start":{"line":34,"column":4},"end":{"line":34,"column":29}},"12":{"start":{"line":36,"column":2},"end":{"line":36,"column":22}},"13":{"start":{"line":37,"column":2},"end":{"line":37,"column":31}},"14":{"start":{"line":38,"column":2},"end":{"line":38,"column":31}},"15":{"start":{"line":39,"column":2},"end":{"line":39,"column":31}},"16":{"start":{"line":40,"column":2},"end":{"line":40,"column":36}},"17":{"start":{"line":41,"column":2},"end":{"line":41,"column":43}},"18":{"start":{"line":44,"column":2},"end":{"line":44,"column":23}},"19":{"start":{"line":45,"column":2},"end":{"line":45,"column":36}},"20":{"start":{"line":46,"column":2},"end":{"line":46,"column":32}},"21":{"start":{"line":47,"column":2},"end":{"line":47,"column":34}},"22":{"start":{"line":49,"column":2},"end":{"line":49,"column":30}}},"fnMap":{"0":{"name":"(anonymous_0)","decl":{"start":{"line":7,"column":17},"end":{"line":7,"column":18}},"loc":{"start":{"line":7,"column":28},"end":{"line":35,"column":3}},"line":7}},"branchMap":{"0":{"loc":{"start":{"line":18,"column":6},"end":{"line":20,"column":7}},"type":"if","locations":[{"start":{"line":18,"column":6},"end":{"line":20,"column":7}},{"start":{"line":18,"column":6},"end":{"line":20,"column":7}}],"line":18},"1":{"loc":{"start":{"line":22,"column":6},"end":{"line":32,"column":7}},"type":"if","locations":[{"start":{"line":22,"column":6},"end":{"line":32,"column":7}},{"start":{"line":22,"column":6},"end":{"line":32,"column":7}}],"line":22},"2":{"loc":{"start":{"line":29,"column":8},"end":{"line":31,"column":9}},"type":"if","locations":[{"start":{"line":29,"column":8},"end":{"line":31,"column":9}},{"start":{"line":29,"column":8},"end":{"line":31,"column":9}}],"line":29}},"s":{"0":1,"1":16,"2":16,"3":16,"4":95,"5":95,"6":19,"7":76,"8":42,"9":34,"10":6,"11":10,"12":1,"13":1,"14":1,"15":1,"16":1,"17":1,"18":1,"19":1,"20":1,"21":1,"22":1},"f":{"0":16},"b":{"0":[19,76],"1":[42,34],"2":[6,28]},"_coverageSchema":"1a1c01bbd47fc00a2c39e90264f33305004495a9","hash":"9c1da99004cfa031e7184f574a50347201ad6b05"}
}
